<?xml version="1.0" encoding="UTF-8"?>
<!-- Generated by org.testng.reporters.JUnitReportReporter -->
<testsuite hostname="DESKTOP-DSK6" failures="0" tests="1" name="com.inetbanking.testCases.TC_LoginTest_001" time="1.996" errors="0" timestamp="09 Dec 2020 04:33:23 GMT" skipped="0">
  <testcase classname="com.inetbanking.testCases.TC_LoginTest_001" name="loginTest" time="1.996"/>
</testsuite> <!-- com.inetbanking.testCases.TC_LoginTest_001 -->
